2024-11-25 11:25:40,665 [INFO] Activator:176 - 


2024-11-25 11:25:40,667 [INFO] Activator:177 - !SESSION log4j initialized
2024-11-25 11:25:43,085 [INFO] LogOutputStream:77 - [STDOUT_REDIRECT] 
2024-11-25 11:25:45,038 [INFO] ApplicationProperties:184 - Using Application install path: C:\ST\STM32CubeIDE_1.16.1\STM32CubeIDE\plugins\com.st.stm32cube.common.mx_6.12.1.202409122256
2024-11-25 11:25:45,051 [INFO] DbMcusXml:78 - Set database path to: C:\ST\STM32CubeIDE_1.16.1\STM32CubeIDE\plugins\com.st.stm32cube.common.mx_6.12.1.202409122256\\db\/mcu/
2024-11-25 11:25:45,052 [INFO] ApiDb:274 - Set plugin database path to: C:\ST\STM32CubeIDE_1.16.1\STM32CubeIDE\plugins\com.st.stm32cube.common.mx_6.12.1.202409122256\\db\/plugins/boardmanager/
2024-11-25 11:25:45,053 [WARN] ApiDb:259 - Overriding images path with different value:  => C:\ST\STM32CubeIDE_1.16.1\STM32CubeIDE\plugins\com.st.stm32cube.common.mx_6.12.1.202409122256\\db\/plugins/mcufinder/images/
2024-11-25 11:25:45,057 [INFO] ApiDb:250 - Set database path to: C:\Users\USER\.stmcufinder\plugins\mcufinder//mcu/
2024-11-25 11:25:45,058 [INFO] DbMcusAds:125 - Set database path to: C:\Users\USER\.stmcufinder\plugins\mcufinder//mcu/
2024-11-25 11:25:45,060 [INFO] CrossReferenceDbSqlite:203 - Set database path to: C:\Users\USER\.stmcufinder\plugins\mcufinder//mcu/cs/
2024-11-25 11:25:45,146 [INFO] RulesReader:64 - Compatibility file has been processed (297 Rules)
2024-11-25 11:25:45,202 [INFO] DbMcusXml:78 - Set database path to: C:\ST\STM32CubeIDE_1.16.1\STM32CubeIDE\plugins\com.st.stm32cube.common.mx_6.12.1.202409122256\\db\/mcu/
2024-11-25 11:25:45,202 [INFO] ApiDb:274 - Set plugin database path to: C:\ST\STM32CubeIDE_1.16.1\STM32CubeIDE\plugins\com.st.stm32cube.common.mx_6.12.1.202409122256\\db\/plugins/boardmanager/
2024-11-25 11:25:45,202 [INFO] ApiDb:261 - Set plugin images path to: C:\ST\STM32CubeIDE_1.16.1\STM32CubeIDE\plugins\com.st.stm32cube.common.mx_6.12.1.202409122256\\db\/plugins/mcufinder/images/
2024-11-25 11:25:45,203 [WARN] DbFile:41 - Overriding database path with different value: C:\Users\USER\.stmcufinder\plugins\mcufinder/ => C:\Users\USER\.stmcufinder\plugins\mcufinder
2024-11-25 11:25:45,203 [INFO] ApiDb:250 - Set database path to: C:\Users\USER\.stmcufinder\plugins\mcufinder//mcu/
2024-11-25 11:25:45,203 [WARN] DbFile:41 - Overriding database path with different value: C:\Users\USER\.stmcufinder\plugins\mcufinder/ => C:\Users\USER\.stmcufinder\plugins\mcufinder
2024-11-25 11:25:45,203 [INFO] DbMcusAds:125 - Set database path to: C:\Users\USER\.stmcufinder\plugins\mcufinder//mcu/
2024-11-25 11:25:45,203 [WARN] DbFile:41 - Overriding database path with different value: C:\Users\USER\.stmcufinder\plugins\mcufinder/ => C:\Users\USER\.stmcufinder\plugins\mcufinder
2024-11-25 11:25:45,203 [WARN] DbFile:41 - Overriding database path with different value: C:\Users\USER\.stmcufinder\plugins\mcufinder/ => C:\Users\USER\.stmcufinder\plugins\mcufinder
2024-11-25 11:25:45,203 [INFO] CrossReferenceDbSqlite:203 - Set database path to: C:\Users\USER\.stmcufinder\plugins\mcufinder//mcu/cs/
2024-11-25 11:25:45,264 [INFO] MainPanel:268 - HeapMemory: 268435456
2024-11-25 11:25:45,319 [INFO] DbMcusXml:78 - Set database path to: C:\ST\STM32CubeIDE_1.16.1\STM32CubeIDE\plugins\com.st.stm32cube.common.mx_6.12.1.202409122256\\db\/mcu/
2024-11-25 11:25:45,319 [INFO] ApiDb:274 - Set plugin database path to: C:\ST\STM32CubeIDE_1.16.1\STM32CubeIDE\plugins\com.st.stm32cube.common.mx_6.12.1.202409122256\\db\/plugins/boardmanager/
2024-11-25 11:25:45,319 [INFO] ApiDb:261 - Set plugin images path to: C:\ST\STM32CubeIDE_1.16.1\STM32CubeIDE\plugins\com.st.stm32cube.common.mx_6.12.1.202409122256\\db\/plugins/mcufinder/images/
2024-11-25 11:25:45,319 [WARN] DbFile:41 - Overriding database path with different value: C:\Users\USER\.stmcufinder\plugins\mcufinder/ => C:\Users\USER\.stmcufinder\plugins\mcufinder
2024-11-25 11:25:45,319 [INFO] ApiDb:250 - Set database path to: C:\Users\USER\.stmcufinder\plugins\mcufinder//mcu/
2024-11-25 11:25:45,320 [WARN] DbFile:41 - Overriding database path with different value: C:\Users\USER\.stmcufinder\plugins\mcufinder/ => C:\Users\USER\.stmcufinder\plugins\mcufinder
2024-11-25 11:25:45,320 [INFO] DbMcusAds:125 - Set database path to: C:\Users\USER\.stmcufinder\plugins\mcufinder//mcu/
2024-11-25 11:25:45,320 [WARN] DbFile:41 - Overriding database path with different value: C:\Users\USER\.stmcufinder\plugins\mcufinder/ => C:\Users\USER\.stmcufinder\plugins\mcufinder
2024-11-25 11:25:45,320 [WARN] DbFile:41 - Overriding database path with different value: C:\Users\USER\.stmcufinder\plugins\mcufinder/ => C:\Users\USER\.stmcufinder\plugins\mcufinder
2024-11-25 11:25:45,320 [INFO] CrossReferenceDbSqlite:203 - Set database path to: C:\Users\USER\.stmcufinder\plugins\mcufinder//mcu/cs/
2024-11-25 11:25:45,333 [INFO] ApplicationProperties:184 - Using Application install path: C:\ST\STM32CubeIDE_1.16.1\STM32CubeIDE\plugins\com.st.stm32cube.common.mx_6.12.1.202409122256
2024-11-25 11:25:45,334 [INFO] PluginManage:196 - Search for loadable plugins [exclusion list=, ]
2024-11-25 11:25:45,335 [INFO] PluginManage:310 - Check plugin analytics
2024-11-25 11:25:45,458 [INFO] AnalyticsPlugin:253 - Accepted Software Licenses: 
2024-11-25 11:25:45,458 [INFO] AnalyticsPlugin:255 - Accepted CMSIS Pack Licenses: 
2024-11-25 11:25:45,458 [INFO] AnalyticsPlugin:257 - Accepted Firmware Licenses: 
2024-11-25 11:25:45,460 [INFO] PluginManage:359 - Loaded plugin analytics (category:tool,tabindex:-1)
2024-11-25 11:25:45,460 [INFO] PluginManage:310 - Check plugin cadmodel
2024-11-25 11:25:45,463 [INFO] CADModel:105 - Init CAD model plugin
2024-11-25 11:25:45,463 [INFO] PluginManage:359 - Loaded plugin cadmodel (category:power,tabindex:5)
2024-11-25 11:25:45,464 [INFO] PluginManage:310 - Check plugin clock
2024-11-25 11:25:45,470 [INFO] PluginManage:359 - Loaded plugin clock (category:base,tabindex:2)
2024-11-25 11:25:45,470 [INFO] PluginManage:310 - Check plugin ddr
2024-11-25 11:25:45,471 [INFO] PluginManage:359 - Loaded plugin ddr (category:tool,tabindex:6)
2024-11-25 11:25:45,472 [INFO] PluginManage:310 - Check plugin filemanager
2024-11-25 11:25:45,589 [INFO] PluginManage:359 - Loaded plugin filemanager (category:base,tabindex:10)
2024-11-25 11:25:45,589 [INFO] PluginManage:310 - Check plugin ipmanager
2024-11-25 11:25:45,594 [INFO] PluginManage:359 - Loaded plugin ipmanager (category:base,tabindex:5)
2024-11-25 11:25:45,594 [INFO] PluginManage:310 - Check plugin lpbam
2024-11-25 11:25:45,599 [INFO] PluginManage:359 - Loaded plugin lpbam (category:base,tabindex:0)
2024-11-25 11:25:45,599 [INFO] PluginManage:310 - Check plugin memorymap
2024-11-25 11:25:45,606 [INFO] PluginManage:359 - Loaded plugin memorymap (category:base,tabindex:4)
2024-11-25 11:25:45,606 [INFO] PluginManage:310 - Check plugin pinoutandconfiguration
2024-11-25 11:25:45,611 [INFO] PluginManage:359 - Loaded plugin pinoutandconfiguration (category:base,tabindex:1)
2024-11-25 11:25:45,611 [INFO] PluginManage:310 - Check plugin pinoutconfig
2024-11-25 11:25:45,669 [WARN] SupportedApi:132 - Cannot load RTOS API schema: s4s-elt-must-match.1: The content of 'definitions' must match (annotation?, (simpleType | complexType)?, (unique | key | keyref)*)). A problem was found starting at: attribute.
2024-11-25 11:25:45,760 [INFO] PluginManage:359 - Loaded plugin pinoutconfig (category:base,tabindex:0)
2024-11-25 11:25:45,761 [INFO] PluginManage:310 - Check plugin power
2024-11-25 11:25:45,767 [INFO] PluginManage:359 - Loaded plugin power (category:power,tabindex:4)
2024-11-25 11:25:45,768 [INFO] PluginManage:310 - Check plugin projectmanager
2024-11-25 11:25:45,779 [INFO] PluginManage:359 - Loaded plugin projectmanager (category:projectmanager,tabindex:4)
2024-11-25 11:25:45,779 [INFO] PluginManage:310 - Check plugin rif
2024-11-25 11:25:45,783 [INFO] PluginManage:359 - Loaded plugin rif (category:base,tabindex:3)
2024-11-25 11:25:45,783 [INFO] PluginManage:310 - Check plugin thirdparty
2024-11-25 11:25:45,862 [INFO] PluginManage:359 - Loaded plugin thirdparty (category:base,tabindex:-1)
2024-11-25 11:25:45,862 [WARN] IntegrityCheckThread:84 - waiting for thirdparty lock release [integrity check]
2024-11-25 11:25:45,862 [INFO] PluginManage:310 - Check plugin tools
2024-11-25 11:25:45,862 [INFO] IntegrityCheckThread:86 - entering critical section [integrity check]
2024-11-25 11:25:45,862 [INFO] ThirdPartyUpdaterWithRetryManager:70 - Updater plugin not ready yet. [1/15]
2024-11-25 11:25:45,864 [INFO] PluginManage:359 - Loaded plugin tools (category:base,tabindex:7)
2024-11-25 11:25:45,864 [INFO] PluginManage:310 - Check plugin tutovideos
2024-11-25 11:25:45,979 [INFO] PluginManage:359 - Loaded plugin tutovideos (category:base,tabindex:-1)
2024-11-25 11:25:45,980 [INFO] PluginManage:310 - Check plugin updater
2024-11-25 11:25:45,990 [INFO] PluginManage:359 - Loaded plugin updater (category:base,tabindex:12)
2024-11-25 11:25:45,991 [INFO] PluginManage:310 - Check plugin userauth
2024-11-25 11:25:45,994 [INFO] UserAuth:113 - Init User Auth plugin
2024-11-25 11:25:45,994 [INFO] PluginManage:359 - Loaded plugin userauth (category:base,tabindex:14)
2024-11-25 11:25:45,994 [INFO] PluginManage:283 - PluginManage : Loaded plugins [18]
2024-11-25 11:25:46,128 [INFO] PinOutPanel:1561 - setPackage(No Configuration,No Configuration)
2024-11-25 11:25:46,196 [INFO] CADModel:165 - CPN selected for project level
2024-11-25 11:25:46,196 [INFO] CADModel:114 - Register for checkConnection events
2024-11-25 11:25:46,215 [INFO] IPUIPlugin:80 - create IPUIPlugin
2024-11-25 11:25:46,215 [INFO] PluginManager:220 - loadIPPluginJar : add adc
2024-11-25 11:25:46,218 [INFO] IPUIPlugin:80 - create IPUIPlugin
2024-11-25 11:25:46,218 [INFO] PluginManager:220 - loadIPPluginJar : add aes
2024-11-25 11:25:46,221 [INFO] IPUIPlugin:80 - create IPUIPlugin
2024-11-25 11:25:46,221 [INFO] PluginManager:220 - loadIPPluginJar : add can
2024-11-25 11:25:46,222 [INFO] IPUIPlugin:80 - create IPUIPlugin
2024-11-25 11:25:46,222 [INFO] PluginManager:220 - loadIPPluginJar : add comp
2024-11-25 11:25:46,224 [INFO] IPUIPlugin:80 - create IPUIPlugin
2024-11-25 11:25:46,224 [INFO] PluginManager:220 - loadIPPluginJar : add cryp
2024-11-25 11:25:46,226 [INFO] IPUIPlugin:80 - create IPUIPlugin
2024-11-25 11:25:46,226 [INFO] PluginManager:220 - loadIPPluginJar : add ddr_ctrl_phy
2024-11-25 11:25:46,228 [INFO] IPUIPlugin:80 - create IPUIPlugin
2024-11-25 11:25:46,228 [INFO] PluginManager:220 - loadIPPluginJar : add dfsdm
2024-11-25 11:25:46,232 [INFO] IPUIPlugin:80 - create IPUIPlugin
2024-11-25 11:25:46,233 [INFO] PluginManager:220 - loadIPPluginJar : add dma
2024-11-25 11:25:46,235 [INFO] IPUIPlugin:80 - create IPUIPlugin
2024-11-25 11:25:46,235 [INFO] PluginManager:220 - loadIPPluginJar : add dma3
2024-11-25 11:25:46,238 [INFO] IPUIPlugin:80 - create IPUIPlugin
2024-11-25 11:25:46,238 [INFO] PluginManager:220 - loadIPPluginJar : add extmemmanager
2024-11-25 11:25:46,239 [INFO] IPUIPlugin:80 - create IPUIPlugin
2024-11-25 11:25:46,239 [INFO] PluginManager:220 - loadIPPluginJar : add fatfs
2024-11-25 11:25:46,242 [INFO] IPUIPlugin:80 - create IPUIPlugin
2024-11-25 11:25:46,243 [INFO] PluginManager:220 - loadIPPluginJar : add fmc
2024-11-25 11:25:46,247 [INFO] IPUIPlugin:80 - create IPUIPlugin
2024-11-25 11:25:46,247 [INFO] PluginManager:220 - loadIPPluginJar : add freertos
2024-11-25 11:25:46,248 [INFO] IPUIPlugin:80 - create IPUIPlugin
2024-11-25 11:25:46,248 [INFO] PluginManager:220 - loadIPPluginJar : add genericplugin
2024-11-25 11:25:46,249 [INFO] IPUIPlugin:80 - create IPUIPlugin
2024-11-25 11:25:46,249 [INFO] PluginManager:220 - loadIPPluginJar : add gfxmmu
2024-11-25 11:25:46,252 [INFO] IPUIPlugin:80 - create IPUIPlugin
2024-11-25 11:25:46,252 [INFO] PluginManager:220 - loadIPPluginJar : add gic
2024-11-25 11:25:46,255 [INFO] IPUIPlugin:80 - create IPUIPlugin
2024-11-25 11:25:46,255 [INFO] PluginManager:220 - loadIPPluginJar : add gpio
2024-11-25 11:25:46,258 [INFO] IPUIPlugin:80 - create IPUIPlugin
2024-11-25 11:25:46,258 [INFO] PluginManager:220 - loadIPPluginJar : add gtzc
2024-11-25 11:25:46,260 [INFO] IPUIPlugin:80 - create IPUIPlugin
2024-11-25 11:25:46,260 [INFO] PluginManager:220 - loadIPPluginJar : add hash
2024-11-25 11:25:46,264 [INFO] IPUIPlugin:80 - create IPUIPlugin
2024-11-25 11:25:46,264 [INFO] PluginManager:220 - loadIPPluginJar : add i2c
2024-11-25 11:25:46,266 [INFO] IPUIPlugin:80 - create IPUIPlugin
2024-11-25 11:25:46,267 [INFO] PluginManager:220 - loadIPPluginJar : add i2s
2024-11-25 11:25:46,269 [INFO] IPUIPlugin:80 - create IPUIPlugin
2024-11-25 11:25:46,269 [INFO] PluginManager:220 - loadIPPluginJar : add i3c
2024-11-25 11:25:46,272 [INFO] IPUIPlugin:80 - create IPUIPlugin
2024-11-25 11:25:46,272 [INFO] PluginManager:220 - loadIPPluginJar : add ipddr
2024-11-25 11:25:46,278 [INFO] IPUIPlugin:80 - create IPUIPlugin
2024-11-25 11:25:46,279 [INFO] PluginManager:220 - loadIPPluginJar : add linkedlist
2024-11-25 11:25:46,281 [INFO] IPUIPlugin:80 - create IPUIPlugin
2024-11-25 11:25:46,281 [INFO] PluginManager:220 - loadIPPluginJar : add lorawan
2024-11-25 11:25:46,283 [INFO] IPUIPlugin:80 - create IPUIPlugin
2024-11-25 11:25:46,283 [INFO] PluginManager:220 - loadIPPluginJar : add ltdc
2024-11-25 11:25:46,287 [INFO] IPUIPlugin:80 - create IPUIPlugin
2024-11-25 11:25:46,288 [INFO] PluginManager:220 - loadIPPluginJar : add mdma
2024-11-25 11:25:46,290 [INFO] IPUIPlugin:80 - create IPUIPlugin
2024-11-25 11:25:46,291 [INFO] PluginManager:220 - loadIPPluginJar : add nvic
2024-11-25 11:25:46,293 [INFO] IPUIPlugin:80 - create IPUIPlugin
2024-11-25 11:25:46,293 [INFO] PluginManager:220 - loadIPPluginJar : add opamp
2024-11-25 11:25:46,295 [INFO] IPUIPlugin:80 - create IPUIPlugin
2024-11-25 11:25:46,296 [INFO] PluginManager:220 - loadIPPluginJar : add openamp
2024-11-25 11:25:46,298 [INFO] IPUIPlugin:80 - create IPUIPlugin
2024-11-25 11:25:46,298 [INFO] PluginManager:220 - loadIPPluginJar : add pdm2pcm
2024-11-25 11:25:46,303 [INFO] IPUIPlugin:80 - create IPUIPlugin
2024-11-25 11:25:46,305 [INFO] PluginManager:220 - loadIPPluginJar : add plateformsettings
2024-11-25 11:25:46,307 [INFO] IPUIPlugin:80 - create IPUIPlugin
2024-11-25 11:25:46,307 [INFO] PluginManager:220 - loadIPPluginJar : add quadspi
2024-11-25 11:25:46,309 [INFO] IPUIPlugin:80 - create IPUIPlugin
2024-11-25 11:25:46,309 [INFO] PluginManager:220 - loadIPPluginJar : add radio
2024-11-25 11:25:46,312 [INFO] IPUIPlugin:80 - create IPUIPlugin
2024-11-25 11:25:46,312 [INFO] PluginManager:220 - loadIPPluginJar : add resmgrutility
2024-11-25 11:25:46,315 [INFO] IPUIPlugin:80 - create IPUIPlugin
2024-11-25 11:25:46,315 [INFO] PluginManager:220 - loadIPPluginJar : add sai
2024-11-25 11:25:46,316 [INFO] IPUIPlugin:80 - create IPUIPlugin
2024-11-25 11:25:46,317 [INFO] PluginManager:220 - loadIPPluginJar : add spi
2024-11-25 11:25:46,322 [INFO] IPUIPlugin:80 - create IPUIPlugin
2024-11-25 11:25:46,322 [INFO] PluginManager:220 - loadIPPluginJar : add stm32_wpan
2024-11-25 11:25:46,323 [INFO] IPUIPlugin:80 - create IPUIPlugin
2024-11-25 11:25:46,323 [INFO] PluginManager:220 - loadIPPluginJar : add tim
2024-11-25 11:25:46,326 [INFO] IPUIPlugin:80 - create IPUIPlugin
2024-11-25 11:25:46,326 [INFO] PluginManager:220 - loadIPPluginJar : add touchsensing
2024-11-25 11:25:46,328 [INFO] IPUIPlugin:80 - create IPUIPlugin
2024-11-25 11:25:46,328 [INFO] PluginManager:220 - loadIPPluginJar : add tracer_emb
2024-11-25 11:25:46,330 [INFO] IPUIPlugin:80 - create IPUIPlugin
2024-11-25 11:25:46,330 [INFO] PluginManager:220 - loadIPPluginJar : add ts
2024-11-25 11:25:46,332 [INFO] IPUIPlugin:80 - create IPUIPlugin
2024-11-25 11:25:46,332 [INFO] PluginManager:220 - loadIPPluginJar : add tsc
2024-11-25 11:25:46,334 [INFO] IPUIPlugin:80 - create IPUIPlugin
2024-11-25 11:25:46,334 [INFO] PluginManager:220 - loadIPPluginJar : add ucpd
2024-11-25 11:25:46,336 [INFO] IPUIPlugin:80 - create IPUIPlugin
2024-11-25 11:25:46,336 [INFO] PluginManager:220 - loadIPPluginJar : add usart
2024-11-25 11:25:46,339 [INFO] IPUIPlugin:80 - create IPUIPlugin
2024-11-25 11:25:46,339 [INFO] PluginManager:220 - loadIPPluginJar : add usbx
2024-11-25 11:25:46,454 [INFO] CADModel:165 - CPN selected for project level
2024-11-25 11:25:46,454 [INFO] CADModel:114 - Register for checkConnection events
2024-11-25 11:25:46,454 [FATAL] Updater:334 - Updater called before beeing initialized
2024-11-25 11:25:46,454 [ERROR] CADModel:125 - Updater not yet initialized, retry later 
2024-11-25 11:25:46,555 [INFO] CADModel:165 - CPN selected for project level
2024-11-25 11:25:46,555 [INFO] CADModel:114 - Register for checkConnection events
2024-11-25 11:25:46,555 [FATAL] Updater:334 - Updater called before beeing initialized
2024-11-25 11:25:46,555 [ERROR] CADModel:125 - Updater not yet initialized, retry later 
2024-11-25 11:25:46,559 [FATAL] Updater:334 - Updater called before beeing initialized
2024-11-25 11:25:46,653 [FATAL] Updater:334 - Updater called before beeing initialized
2024-11-25 11:25:46,656 [INFO] DbMcusAds:53 - JSON generation date=Fri Sep 20 10:04:38 BRT 2024 (1726837478367)
2024-11-25 11:25:46,657 [FATAL] Updater:334 - Updater called before beeing initialized
2024-11-25 11:25:46,683 [WARN] DetailPanel:346 - Failed to get advertising image, set to default
2024-11-25 11:25:46,751 [FATAL] Updater:334 - Updater called before beeing initialized
2024-11-25 11:25:46,752 [FATAL] Updater:334 - Updater called before beeing initialized
2024-11-25 11:25:46,752 [FATAL] Updater:334 - Updater called before beeing initialized
2024-11-25 11:25:46,752 [WARN] DetailPanel:346 - Failed to get advertising image, set to default
2024-11-25 11:25:46,753 [FATAL] Updater:334 - Updater called before beeing initialized
2024-11-25 11:25:46,786 [ERROR] Updater:1164 - MainUpdater not yet initialized. External WinMGr cannot be set.
2024-11-25 11:25:46,787 [INFO] Updater:1100 - Updater Version found : 6.12.1
2024-11-25 11:25:46,803 [INFO] ApplicationProperties:184 - Using Application install path: C:\ST\STM32CubeIDE_1.16.1\STM32CubeIDE\plugins\com.st.stm32cube.common.mx_6.12.1.202409122256
2024-11-25 11:25:48,371 [ERROR] LogOutputStream:75 - [STDERR_REDIRECT] Nov 25, 2024 11:25:48 AM java.util.prefs.WindowsPreferences <init>
2024-11-25 11:25:48,372 [ERROR] LogOutputStream:75 - [STDERR_REDIRECT] WARNING: Could not open/create prefs root node Software\JavaSoft\Prefs at root 0xffffffff80000002. Windows RegCreateKeyEx(...) returned error code 5.
2024-11-25 11:25:48,372 [ERROR] LogOutputStream:75 - [STDERR_REDIRECT] 
2024-11-25 11:25:48,655 [INFO] MainUpdater:2873 - connection check result : 10
2024-11-25 11:25:48,655 [INFO] MainUpdater:290 - Updater Check For Update Now.
2024-11-25 11:25:48,655 [INFO] MicroXplorer:498 - Change Database Version : DB.6.0.121
2024-11-25 11:25:48,660 [INFO] McuFinderGlobals:63 - Set McuFinder mode to 2 (CubeIDE integrated)
2024-11-25 11:25:48,660 [INFO] UserAuth:417 - Internet connection configuration mode: 1
2024-11-25 11:25:48,674 [INFO] JxBrowserEngine:152 - Initiate JxBrowser Engine with user profile folder
2024-11-25 11:25:48,817 [INFO] CheckServerUpdateThread:120 - End of CheckServer Thread
2024-11-25 11:25:49,042 [WARN] PackLoader:240 - Cannot read IP mode file for STMicroelectronics.FP-SNS-MOTENVWB1.1.4.0
2024-11-25 11:25:49,049 [WARN] PackLoader:240 - Cannot read IP mode file for STMicroelectronics.FP-ATR-ASTRA1.2.0.1
2024-11-25 11:25:49,057 [WARN] PackLoader:240 - Cannot read IP mode file for STMicroelectronics.X-CUBE-SMBUS.2.1.0
2024-11-25 11:25:49,068 [WARN] PackLoader:240 - Cannot read IP mode file for STMicroelectronics.X-CUBE-WB05N.1.1.0
2024-11-25 11:25:49,119 [WARN] PackLoader:240 - Cannot read IP mode file for STMicroelectronics.X-CUBE-AZRTOS-F7.1.1.0
2024-11-25 11:25:49,127 [INFO] WebApp:167 - Instantiating new browser for Auth
2024-11-25 11:25:49,173 [WARN] PackLoader:240 - Cannot read IP mode file for STMicroelectronics.X-CUBE-MEMS1.11.0.0
2024-11-25 11:25:49,301 [WARN] PackLoader:240 - Cannot read IP mode file for STMicroelectronics.FP-SNS-FLIGHT1.5.0.2
2024-11-25 11:25:49,306 [WARN] PackLoader:240 - Cannot read IP mode file for STMicroelectronics.X-CUBE-DISPLAY.3.0.0
2024-11-25 11:25:49,317 [WARN] PackLoader:240 - Cannot read IP mode file for STMicroelectronics.X-CUBE-BLE1.7.0.0
2024-11-25 11:25:49,322 [WARN] PackLoader:240 - Cannot read IP mode file for STMicroelectronics.X-CUBE-NFC10.1.0.0
2024-11-25 11:25:49,328 [WARN] PackLoader:240 - Cannot read IP mode file for emotas.I-CUBE-CANOPEN.1.3.0
2024-11-25 11:25:49,371 [WARN] PackLoader:240 - Cannot read IP mode file for STMicroelectronics.X-CUBE-BLEMGR.3.1.0
2024-11-25 11:25:49,400 [WARN] PackLoader:240 - Cannot read IP mode file for STMicroelectronics.FP-SNS-SMARTAG2.1.2.0
2024-11-25 11:25:49,411 [INFO] LogOutputStream:77 - [STDOUT_REDIRECT] 1 : Invalid condition id : UX_CORESTACK_Condition cause : null
2024-11-25 11:25:49,412 [INFO] LogOutputStream:77 - [STDOUT_REDIRECT] 1 : Invalid condition id : UX_CORESTACK_Condition cause : null
2024-11-25 11:25:49,413 [INFO] LogOutputStream:77 - [STDOUT_REDIRECT] 1 : Invalid condition id : UX_CORESTACK_Condition cause : null
2024-11-25 11:25:49,414 [INFO] LogOutputStream:77 - [STDOUT_REDIRECT] 1 : Invalid condition id : UX_CORESTACK_Condition cause : null
2024-11-25 11:25:49,415 [INFO] LogOutputStream:77 - [STDOUT_REDIRECT] 1 : Invalid condition id : UX_CORESTACK_Condition cause : null
2024-11-25 11:25:49,417 [WARN] PackLoader:240 - Cannot read IP mode file for STMicroelectronics.X-CUBE-AZRTOS-WL.2.0.0
2024-11-25 11:25:49,424 [WARN] PackLoader:240 - Cannot read IP mode file for STMicroelectronics.FP-SNS-MOTENV1.5.0.0
2024-11-25 11:25:49,433 [WARN] PackLoader:240 - Cannot read IP mode file for wolfSSL.I-CUBE-wolfMQTT.1.19.0
2024-11-25 11:25:49,438 [WARN] PackLoader:240 - Cannot read IP mode file for WES.I-CUBE-Cesium.1.3.0
2024-11-25 11:25:49,442 [WARN] PackLoader:240 - Cannot read IP mode file for STMicroelectronics.X-CUBE-BLE2.3.3.0
2024-11-25 11:25:49,447 [WARN] PackLoader:240 - Cannot read IP mode file for STMicroelectronics.X-CUBE-NFC9.1.0.0
2024-11-25 11:25:49,452 [WARN] PackLoader:240 - Cannot read IP mode file for STMicroelectronics.X-CUBE-TCPP.4.1.0
2024-11-25 11:25:49,462 [WARN] PackLoader:240 - Cannot read IP mode file for STMicroelectronics.X-CUBE-AZRTOS-G0.1.1.0
2024-11-25 11:25:49,469 [WARN] PackLoader:240 - Cannot read IP mode file for STMicroelectronics.X-CUBE-SAFEA1.1.2.2
2024-11-25 11:25:49,474 [WARN] PackLoader:240 - Cannot read IP mode file for STMicroelectronics.X-CUBE-NFC4.3.0.0
2024-11-25 11:25:49,481 [WARN] PackLoader:240 - Cannot read IP mode file for EmbeddedOffice.I-CUBE-FS-RTOS.1.0.1
2024-11-25 11:25:49,481 [ERROR] ConditionMgr:805 - Attr not supported : Dmpu
2024-11-25 11:25:49,481 [ERROR] ConditionMgr:805 - Attr not supported : Dmpu
2024-11-25 11:25:49,481 [ERROR] ConditionMgr:805 - Attr not supported : Dmpu
2024-11-25 11:25:49,481 [ERROR] ConditionMgr:805 - Attr not supported : Dmpu
2024-11-25 11:25:49,481 [ERROR] ConditionMgr:805 - Attr not supported : Dmpu
2024-11-25 11:25:49,481 [ERROR] ConditionMgr:805 - Attr not supported : Dmpu
2024-11-25 11:25:49,481 [ERROR] ConditionMgr:805 - Attr not supported : Dmpu
2024-11-25 11:25:49,481 [ERROR] ConditionMgr:805 - Attr not supported : Dmpu
2024-11-25 11:25:49,481 [ERROR] ConditionMgr:805 - Attr not supported : Dmpu
2024-11-25 11:25:49,481 [ERROR] ConditionMgr:805 - Attr not supported : Dmpu
2024-11-25 11:25:49,481 [ERROR] ConditionMgr:805 - Attr not supported : Dmpu
2024-11-25 11:25:49,482 [ERROR] ConditionMgr:805 - Attr not supported : Dmpu
2024-11-25 11:25:49,482 [ERROR] ConditionMgr:805 - Attr not supported : Dmpu
2024-11-25 11:25:49,482 [ERROR] ConditionMgr:805 - Attr not supported : Dmpu
2024-11-25 11:25:49,482 [ERROR] ConditionMgr:805 - Attr not supported : Dmpu
2024-11-25 11:25:49,482 [ERROR] ConditionMgr:805 - Attr not supported : Dmpu
2024-11-25 11:25:49,482 [ERROR] ConditionMgr:805 - Attr not supported : Dmpu
2024-11-25 11:25:49,482 [ERROR] ConditionMgr:805 - Attr not supported : Dmpu
2024-11-25 11:25:49,482 [ERROR] ConditionMgr:805 - Attr not supported : Dmpu
2024-11-25 11:25:49,482 [ERROR] ConditionMgr:805 - Attr not supported : Dmpu
2024-11-25 11:25:49,482 [ERROR] ConditionMgr:805 - Attr not supported : Dmpu
2024-11-25 11:25:49,482 [ERROR] ConditionMgr:805 - Attr not supported : Dmpu
2024-11-25 11:25:49,482 [ERROR] ConditionMgr:805 - Attr not supported : Dmpu
2024-11-25 11:25:49,482 [ERROR] ConditionMgr:805 - Attr not supported : Dmpu
2024-11-25 11:25:49,482 [ERROR] ConditionMgr:805 - Attr not supported : Dmpu
2024-11-25 11:25:49,482 [ERROR] ConditionMgr:805 - Attr not supported : Dmpu
2024-11-25 11:25:49,482 [ERROR] ConditionMgr:805 - Attr not supported : Dmpu
2024-11-25 11:25:49,483 [ERROR] ConditionMgr:805 - Attr not supported : Dmpu
2024-11-25 11:25:49,483 [ERROR] ConditionMgr:805 - Attr not supported : Dmpu
2024-11-25 11:25:49,483 [ERROR] ConditionMgr:805 - Attr not supported : Dmpu
2024-11-25 11:25:49,483 [ERROR] ConditionMgr:805 - Attr not supported : Dmpu
2024-11-25 11:25:49,483 [ERROR] ConditionMgr:805 - Attr not supported : Dmpu
2024-11-25 11:25:49,483 [ERROR] ConditionMgr:805 - Attr not supported : Dmpu
2024-11-25 11:25:49,483 [ERROR] ConditionMgr:805 - Attr not supported : Dmpu
2024-11-25 11:25:49,483 [ERROR] ConditionMgr:805 - Attr not supported : Dmpu
2024-11-25 11:25:49,483 [ERROR] ConditionMgr:805 - Attr not supported : Dmpu
2024-11-25 11:25:49,483 [ERROR] ConditionMgr:805 - Attr not supported : Dmpu
2024-11-25 11:25:49,483 [ERROR] ConditionMgr:805 - Attr not supported : Dmpu
2024-11-25 11:25:49,483 [ERROR] ConditionMgr:805 - Attr not supported : Dmpu
2024-11-25 11:25:49,483 [ERROR] ConditionMgr:805 - Attr not supported : Dmpu
2024-11-25 11:25:49,483 [ERROR] ConditionMgr:805 - Attr not supported : Dmpu
2024-11-25 11:25:49,483 [ERROR] ConditionMgr:805 - Attr not supported : Dmpu
2024-11-25 11:25:49,483 [ERROR] ConditionMgr:805 - Attr not supported : Dmpu
2024-11-25 11:25:49,483 [ERROR] ConditionMgr:805 - Attr not supported : Dmpu
2024-11-25 11:25:49,484 [ERROR] ConditionMgr:805 - Attr not supported : Dmpu
2024-11-25 11:25:49,484 [ERROR] ConditionMgr:805 - Attr not supported : Dmpu
2024-11-25 11:25:49,484 [ERROR] ConditionMgr:805 - Attr not supported : Dmpu
2024-11-25 11:25:49,484 [ERROR] ConditionMgr:805 - Attr not supported : Dmpu
2024-11-25 11:25:49,484 [ERROR] ConditionMgr:805 - Attr not supported : Dmpu
2024-11-25 11:25:49,484 [ERROR] ConditionMgr:805 - Attr not supported : Dmpu
2024-11-25 11:25:49,484 [ERROR] ConditionMgr:805 - Attr not supported : Dmpu
2024-11-25 11:25:49,484 [ERROR] ConditionMgr:805 - Attr not supported : Dmpu
2024-11-25 11:25:49,484 [ERROR] ConditionMgr:805 - Attr not supported : Dmpu
2024-11-25 11:25:49,484 [ERROR] ConditionMgr:805 - Attr not supported : Dmpu
2024-11-25 11:25:49,484 [ERROR] ConditionMgr:805 - Attr not supported : Dmpu
2024-11-25 11:25:49,484 [ERROR] ConditionMgr:805 - Attr not supported : Dmpu
2024-11-25 11:25:49,484 [ERROR] ConditionMgr:805 - Attr not supported : Dmpu
2024-11-25 11:25:49,484 [ERROR] ConditionMgr:805 - Attr not supported : Dmpu
2024-11-25 11:25:49,484 [ERROR] ConditionMgr:805 - Attr not supported : Dmpu
2024-11-25 11:25:49,484 [ERROR] ConditionMgr:805 - Attr not supported : Dmpu
2024-11-25 11:25:49,484 [ERROR] ConditionMgr:805 - Attr not supported : Dmpu
2024-11-25 11:25:49,484 [ERROR] ConditionMgr:805 - Attr not supported : Dmpu
2024-11-25 11:25:49,484 [ERROR] ConditionMgr:805 - Attr not supported : Dmpu
2024-11-25 11:25:49,484 [ERROR] ConditionMgr:805 - Attr not supported : Dmpu
2024-11-25 11:25:49,488 [WARN] PackLoader:240 - Cannot read IP mode file for RealThread.X-CUBE-RT-Thread_Nano.4.1.1
2024-11-25 11:25:49,491 [WARN] PackLoader:240 - Cannot read IP mode file for STMicroelectronics.FP-ATR-SIGFOX1.3.2.0
2024-11-25 11:25:49,494 [WARN] ConditionMgr:438 - getConditionDescription Invalid condition id : Cortex-A Device cause : null
2024-11-25 11:25:49,514 [WARN] ConditionMgr:1039 - genDependencies : Invalid condition id : Cortex-A Device cause : null
2024-11-25 11:25:49,514 [WARN] ConditionMgr:1039 - genDependencies : Invalid condition id : Cortex-A Device cause : null
2024-11-25 11:25:49,514 [WARN] ConditionMgr:1039 - genDependencies : Invalid condition id : Cortex-A Device cause : null
2024-11-25 11:25:49,517 [WARN] PackLoader:240 - Cannot read IP mode file for STMicroelectronics.X-CUBE-EEPRMA1.5.1.0
2024-11-25 11:25:49,521 [WARN] PackLoader:240 - Cannot read IP mode file for wolfSSL.I-CUBE-wolfSSL.5.7.4
2024-11-25 11:25:49,525 [WARN] PackLoader:240 - Cannot read IP mode file for ITTIA_DB.I-CUBE-ITTIADB.8.9.0
2024-11-25 11:25:49,546 [WARN] PackLoader:240 - Cannot read IP mode file for SEGGER.I-CUBE-embOS.1.3.1
2024-11-25 11:25:49,579 [WARN] PackLoader:240 - Cannot read IP mode file for STMicroelectronics.X-CUBE-ALGOBUILD.1.4.0
2024-11-25 11:25:49,583 [WARN] PackLoader:240 - Cannot read IP mode file for STMicroelectronics.X-CUBE-AI.9.1.0
2024-11-25 11:25:49,594 [WARN] PackLoader:240 - Cannot read IP mode file for STMicroelectronics.X-CUBE-AZRTOS-F4.1.1.0
2024-11-25 11:25:49,599 [WARN] PackLoader:240 - Cannot read IP mode file for STMicroelectronics.X-CUBE-ISPU.2.1.0
2024-11-25 11:25:49,606 [WARN] PackLoader:240 - Cannot read IP mode file for STMicroelectronics.X-CUBE-FREERTOS.1.2.0
2024-11-25 11:25:49,620 [WARN] PackLoader:240 - Cannot read IP mode file for STMicroelectronics.X-CUBE-AZRTOS-L5.2.0.0
2024-11-25 11:25:49,627 [WARN] PackLoader:240 - Cannot read IP mode file for STMicroelectronics.X-CUBE-NFC6.3.1.0
2024-11-25 11:25:49,632 [WARN] PackLoader:240 - Cannot read IP mode file for STMicroelectronics.X-CUBE-DPower.1.2.0
2024-11-25 11:25:49,635 [WARN] PackLoader:240 - Cannot read IP mode file for STMicroelectronics.X-CUBE-NFC7.1.0.1
2024-11-25 11:25:49,648 [WARN] ConditionMgr:438 - getConditionDescription Invalid condition id : LAN8742 Phy interface Condition cause : null
2024-11-25 11:25:49,649 [WARN] PackLoader:240 - Cannot read IP mode file for STMicroelectronics.X-CUBE-AZRTOS-L4.2.0.0
2024-11-25 11:25:49,651 [WARN] ConditionMgr:1039 - genDependencies : Invalid condition id : LAN8742 Phy interface Condition cause : null
2024-11-25 11:25:49,651 [WARN] ConditionMgr:1039 - genDependencies : Invalid condition id : LAN8742 Phy interface Condition cause : null
2024-11-25 11:25:49,651 [WARN] ConditionMgr:1039 - genDependencies : Invalid condition id : LAN8742 Phy interface Condition cause : null
2024-11-25 11:25:49,657 [WARN] PackLoader:240 - Cannot read IP mode file for STMicroelectronics.X-CUBE-SFXS2LP1.4.0.0
2024-11-25 11:25:49,669 [WARN] PackLoader:240 - Cannot read IP mode file for STMicroelectronics.X-CUBE-AZRTOS-H7.3.3.0
2024-11-25 11:25:49,678 [WARN] PackLoader:240 - Cannot read IP mode file for STMicroelectronics.X-CUBE-IPS.3.0.0
2024-11-25 11:25:49,689 [WARN] ConditionMgr:438 - getConditionDescription Invalid condition id : UX DEVICE CLASS RTOS Condition cause : null
2024-11-25 11:25:49,689 [WARN] ConditionMgr:438 - getConditionDescription Invalid condition id : UX DEVICE CLASS RTOS Condition cause : null
2024-11-25 11:25:49,691 [WARN] PackLoader:240 - Cannot read IP mode file for STMicroelectronics.X-CUBE-AZRTOS-WB.2.0.0
2024-11-25 11:25:49,691 [WARN] ConditionMgr:1039 - genDependencies : Invalid condition id : UX DEVICE CLASS RTOS Condition cause : null
2024-11-25 11:25:49,691 [WARN] ConditionMgr:1039 - genDependencies : Invalid condition id : UX DEVICE CLASS RTOS Condition cause : null
2024-11-25 11:25:49,691 [WARN] ConditionMgr:1039 - genDependencies : Invalid condition id : UX DEVICE CLASS RTOS Condition cause : null
2024-11-25 11:25:49,692 [WARN] ConditionMgr:1039 - genDependencies : Invalid condition id : UX DEVICE CLASS RTOS Condition cause : null
2024-11-25 11:25:49,692 [WARN] ConditionMgr:1039 - genDependencies : Invalid condition id : UX DEVICE CLASS RTOS Condition cause : null
2024-11-25 11:25:49,696 [WARN] PackLoader:240 - Cannot read IP mode file for STMicroelectronics.X-CUBE-GNSS1.7.0.0
2024-11-25 11:25:49,701 [WARN] PackLoader:240 - Cannot read IP mode file for STMicroelectronics.FP-SNS-STBOX1.2.0.0
2024-11-25 11:25:49,709 [WARN] PackLoader:240 - Cannot read IP mode file for STMicroelectronics.X-CUBE-SUBG2.5.0.0
2024-11-25 11:25:49,715 [WARN] PackLoader:240 - Cannot read IP mode file for Cesanta.I-CUBE-Mongoose.7.13.0
2024-11-25 11:25:49,727 [WARN] PackLoader:240 - Cannot read IP mode file for STMicroelectronics.X-CUBE-AZRTOS-G4.2.0.0
2024-11-25 11:25:49,731 [WARN] PackLoader:240 - Cannot read IP mode file for STMicroelectronics.X-CUBE-ALS.1.0.2
2024-11-25 11:25:49,740 [WARN] PackLoader:240 - Cannot read IP mode file for STMicroelectronics.X-CUBE-TOUCHGFX.4.24.1
2024-11-25 11:25:49,744 [WARN] PackLoader:240 - Cannot read IP mode file for wolfSSL.I-CUBE-wolfTPM.3.4.0
2024-11-25 11:25:49,758 [WARN] PackLoader:240 - Cannot read IP mode file for portGmbH.I-Cube-SoM-uGOAL.1.1.0
2024-11-25 11:25:49,773 [WARN] PackLoader:240 - Cannot read IP mode file for STMicroelectronics.X-CUBE-AZRTOS-H7RS.1.0.0
2024-11-25 11:25:49,795 [WARN] PackLoader:240 - Cannot read IP mode file for STMicroelectronics.X-CUBE-TOF1.3.4.2
2024-11-25 11:25:49,818 [WARN] PackLoader:240 - Cannot read IP mode file for Infineon.AIROC-Wi-Fi-Bluetooth-STM32.1.6.1
2024-11-25 11:25:49,824 [WARN] PackLoader:240 - Cannot read IP mode file for wolfSSL.I-CUBE-wolfSSH.1.4.17
2024-11-25 11:25:49,825 [INFO] ThirdParty:978 - Integrity check success = true
2024-11-25 11:25:49,825 [INFO] IntegrityCheckThread:100 - exiting critical section [integrity check]
2024-11-25 11:25:49,825 [INFO] IntegrityCheckThread:103 - End integrity checks thread
2024-11-25 11:25:49,835 [INFO] WebApp:448 - Apply proxy settings
2024-11-25 11:25:49,835 [INFO] WebApp:533 - Chromium requires no authentication
2024-11-25 11:25:49,841 [INFO] WebApp:476 - Direct internet connection detected
2024-11-25 11:25:49,863 [INFO] WebApp:869 - Register for checkConnection events
2024-11-25 11:25:49,863 [INFO] WebApp:448 - Apply proxy settings
2024-11-25 11:25:49,864 [INFO] WebApp:533 - Chromium requires no authentication
2024-11-25 11:25:49,864 [INFO] WebApp:476 - Direct internet connection detected
2024-11-25 11:25:49,991 [INFO] WebApp:220 - Starting web application
2024-11-25 11:25:49,991 [INFO] WebApp:578 - Web application path used C:\ST\STM32CubeIDE_1.16.1\STM32CubeIDE\plugins\com.st.stm32cube.common.mx_6.12.1.202409122256\db\plugins\mcufinder\reactClient1\index.html
2024-11-25 11:25:50,057 [INFO] UserAuth:417 - Internet connection configuration mode: 1
2024-11-25 11:25:50,220 [INFO] WebApp:186 - Connection restablished
2024-11-25 13:00:12,905 [ERROR] LogOutputStream:75 - [STDERR_REDIRECT] 
