2024-12-04 12:57:23,533 [INFO] Activator:176 - 


2024-12-04 12:57:23,538 [INFO] Activator:177 - !SESSION log4j initialized
2024-12-04 12:57:28,726 [INFO] LogOutputStream:77 - [STDOUT_REDIRECT] 
2024-12-04 12:57:30,778 [INFO] ApplicationProperties:184 - Using Application install path: C:\ST\STM32CubeIDE_1.16.1\STM32CubeIDE\plugins\com.st.stm32cube.common.mx_6.12.1.202409122256
2024-12-04 12:57:30,794 [INFO] DbMcusXml:78 - Set database path to: C:\ST\STM32CubeIDE_1.16.1\STM32CubeIDE\plugins\com.st.stm32cube.common.mx_6.12.1.202409122256\\db\/mcu/
2024-12-04 12:57:30,794 [INFO] ApiDb:274 - Set plugin database path to: C:\ST\STM32CubeIDE_1.16.1\STM32CubeIDE\plugins\com.st.stm32cube.common.mx_6.12.1.202409122256\\db\/plugins/boardmanager/
2024-12-04 12:57:30,794 [WARN] ApiDb:259 - Overriding images path with different value:  => C:\ST\STM32CubeIDE_1.16.1\STM32CubeIDE\plugins\com.st.stm32cube.common.mx_6.12.1.202409122256\\db\/plugins/mcufinder/images/
2024-12-04 12:57:30,803 [INFO] ApiDb:250 - Set database path to: C:\Users\USER\.stmcufinder\plugins\mcufinder//mcu/
2024-12-04 12:57:30,803 [INFO] DbMcusAds:125 - Set database path to: C:\Users\USER\.stmcufinder\plugins\mcufinder//mcu/
2024-12-04 12:57:30,806 [INFO] CrossReferenceDbSqlite:203 - Set database path to: C:\Users\USER\.stmcufinder\plugins\mcufinder//mcu/cs/
2024-12-04 12:57:30,898 [INFO] RulesReader:64 - Compatibility file has been processed (297 Rules)
2024-12-04 12:57:30,966 [INFO] DbMcusXml:78 - Set database path to: C:\ST\STM32CubeIDE_1.16.1\STM32CubeIDE\plugins\com.st.stm32cube.common.mx_6.12.1.202409122256\\db\/mcu/
2024-12-04 12:57:30,966 [INFO] ApiDb:274 - Set plugin database path to: C:\ST\STM32CubeIDE_1.16.1\STM32CubeIDE\plugins\com.st.stm32cube.common.mx_6.12.1.202409122256\\db\/plugins/boardmanager/
2024-12-04 12:57:30,966 [INFO] ApiDb:261 - Set plugin images path to: C:\ST\STM32CubeIDE_1.16.1\STM32CubeIDE\plugins\com.st.stm32cube.common.mx_6.12.1.202409122256\\db\/plugins/mcufinder/images/
2024-12-04 12:57:30,966 [WARN] DbFile:41 - Overriding database path with different value: C:\Users\USER\.stmcufinder\plugins\mcufinder/ => C:\Users\USER\.stmcufinder\plugins\mcufinder
2024-12-04 12:57:30,966 [INFO] ApiDb:250 - Set database path to: C:\Users\USER\.stmcufinder\plugins\mcufinder//mcu/
2024-12-04 12:57:30,966 [WARN] DbFile:41 - Overriding database path with different value: C:\Users\USER\.stmcufinder\plugins\mcufinder/ => C:\Users\USER\.stmcufinder\plugins\mcufinder
2024-12-04 12:57:30,967 [INFO] DbMcusAds:125 - Set database path to: C:\Users\USER\.stmcufinder\plugins\mcufinder//mcu/
2024-12-04 12:57:30,967 [WARN] DbFile:41 - Overriding database path with different value: C:\Users\USER\.stmcufinder\plugins\mcufinder/ => C:\Users\USER\.stmcufinder\plugins\mcufinder
2024-12-04 12:57:30,967 [WARN] DbFile:41 - Overriding database path with different value: C:\Users\USER\.stmcufinder\plugins\mcufinder/ => C:\Users\USER\.stmcufinder\plugins\mcufinder
2024-12-04 12:57:30,967 [INFO] CrossReferenceDbSqlite:203 - Set database path to: C:\Users\USER\.stmcufinder\plugins\mcufinder//mcu/cs/
2024-12-04 12:57:31,034 [INFO] MainPanel:268 - HeapMemory: 268435456
2024-12-04 12:57:31,139 [INFO] DbMcusXml:78 - Set database path to: C:\ST\STM32CubeIDE_1.16.1\STM32CubeIDE\plugins\com.st.stm32cube.common.mx_6.12.1.202409122256\\db\/mcu/
2024-12-04 12:57:31,140 [INFO] ApiDb:274 - Set plugin database path to: C:\ST\STM32CubeIDE_1.16.1\STM32CubeIDE\plugins\com.st.stm32cube.common.mx_6.12.1.202409122256\\db\/plugins/boardmanager/
2024-12-04 12:57:31,140 [INFO] ApiDb:261 - Set plugin images path to: C:\ST\STM32CubeIDE_1.16.1\STM32CubeIDE\plugins\com.st.stm32cube.common.mx_6.12.1.202409122256\\db\/plugins/mcufinder/images/
2024-12-04 12:57:31,140 [WARN] DbFile:41 - Overriding database path with different value: C:\Users\USER\.stmcufinder\plugins\mcufinder/ => C:\Users\USER\.stmcufinder\plugins\mcufinder
2024-12-04 12:57:31,140 [INFO] ApiDb:250 - Set database path to: C:\Users\USER\.stmcufinder\plugins\mcufinder//mcu/
2024-12-04 12:57:31,140 [WARN] DbFile:41 - Overriding database path with different value: C:\Users\USER\.stmcufinder\plugins\mcufinder/ => C:\Users\USER\.stmcufinder\plugins\mcufinder
2024-12-04 12:57:31,140 [INFO] DbMcusAds:125 - Set database path to: C:\Users\USER\.stmcufinder\plugins\mcufinder//mcu/
2024-12-04 12:57:31,140 [WARN] DbFile:41 - Overriding database path with different value: C:\Users\USER\.stmcufinder\plugins\mcufinder/ => C:\Users\USER\.stmcufinder\plugins\mcufinder
2024-12-04 12:57:31,141 [WARN] DbFile:41 - Overriding database path with different value: C:\Users\USER\.stmcufinder\plugins\mcufinder/ => C:\Users\USER\.stmcufinder\plugins\mcufinder
2024-12-04 12:57:31,141 [INFO] CrossReferenceDbSqlite:203 - Set database path to: C:\Users\USER\.stmcufinder\plugins\mcufinder//mcu/cs/
2024-12-04 12:57:31,156 [INFO] ApplicationProperties:184 - Using Application install path: C:\ST\STM32CubeIDE_1.16.1\STM32CubeIDE\plugins\com.st.stm32cube.common.mx_6.12.1.202409122256
2024-12-04 12:57:31,157 [INFO] PluginManage:196 - Search for loadable plugins [exclusion list=, ]
2024-12-04 12:57:31,158 [INFO] PluginManage:310 - Check plugin analytics
2024-12-04 12:57:31,302 [INFO] AnalyticsPlugin:253 - Accepted Software Licenses: 
2024-12-04 12:57:31,302 [INFO] AnalyticsPlugin:255 - Accepted CMSIS Pack Licenses: 
2024-12-04 12:57:31,302 [INFO] AnalyticsPlugin:257 - Accepted Firmware Licenses: 
2024-12-04 12:57:31,304 [INFO] PluginManage:359 - Loaded plugin analytics (category:tool,tabindex:-1)
2024-12-04 12:57:31,304 [INFO] PluginManage:310 - Check plugin cadmodel
2024-12-04 12:57:31,321 [INFO] CADModel:105 - Init CAD model plugin
2024-12-04 12:57:31,321 [INFO] PluginManage:359 - Loaded plugin cadmodel (category:power,tabindex:5)
2024-12-04 12:57:31,322 [INFO] PluginManage:310 - Check plugin clock
2024-12-04 12:57:31,342 [INFO] PluginManage:359 - Loaded plugin clock (category:base,tabindex:2)
2024-12-04 12:57:31,342 [INFO] PluginManage:310 - Check plugin ddr
2024-12-04 12:57:31,344 [INFO] PluginManage:359 - Loaded plugin ddr (category:tool,tabindex:6)
2024-12-04 12:57:31,344 [INFO] PluginManage:310 - Check plugin filemanager
2024-12-04 12:57:31,464 [INFO] PluginManage:359 - Loaded plugin filemanager (category:base,tabindex:10)
2024-12-04 12:57:31,464 [INFO] PluginManage:310 - Check plugin ipmanager
2024-12-04 12:57:31,469 [INFO] PluginManage:359 - Loaded plugin ipmanager (category:base,tabindex:5)
2024-12-04 12:57:31,469 [INFO] PluginManage:310 - Check plugin lpbam
2024-12-04 12:57:31,486 [INFO] PluginManage:359 - Loaded plugin lpbam (category:base,tabindex:0)
2024-12-04 12:57:31,486 [INFO] PluginManage:310 - Check plugin memorymap
2024-12-04 12:57:31,507 [INFO] PluginManage:359 - Loaded plugin memorymap (category:base,tabindex:4)
2024-12-04 12:57:31,507 [INFO] PluginManage:310 - Check plugin pinoutandconfiguration
2024-12-04 12:57:31,524 [INFO] PluginManage:359 - Loaded plugin pinoutandconfiguration (category:base,tabindex:1)
2024-12-04 12:57:31,524 [INFO] PluginManage:310 - Check plugin pinoutconfig
2024-12-04 12:57:31,604 [WARN] SupportedApi:132 - Cannot load RTOS API schema: s4s-elt-must-match.1: The content of 'definitions' must match (annotation?, (simpleType | complexType)?, (unique | key | keyref)*)). A problem was found starting at: attribute.
2024-12-04 12:57:31,716 [INFO] PluginManage:359 - Loaded plugin pinoutconfig (category:base,tabindex:0)
2024-12-04 12:57:31,716 [INFO] PluginManage:310 - Check plugin power
2024-12-04 12:57:31,736 [INFO] PluginManage:359 - Loaded plugin power (category:power,tabindex:4)
2024-12-04 12:57:31,736 [INFO] PluginManage:310 - Check plugin projectmanager
2024-12-04 12:57:31,748 [INFO] PluginManage:359 - Loaded plugin projectmanager (category:projectmanager,tabindex:4)
2024-12-04 12:57:31,748 [INFO] PluginManage:310 - Check plugin rif
2024-12-04 12:57:31,764 [INFO] PluginManage:359 - Loaded plugin rif (category:base,tabindex:3)
2024-12-04 12:57:31,765 [INFO] PluginManage:310 - Check plugin thirdparty
2024-12-04 12:57:32,019 [INFO] PluginManage:359 - Loaded plugin thirdparty (category:base,tabindex:-1)
2024-12-04 12:57:32,019 [WARN] IntegrityCheckThread:84 - waiting for thirdparty lock release [integrity check]
2024-12-04 12:57:32,020 [INFO] PluginManage:310 - Check plugin tools
2024-12-04 12:57:32,020 [INFO] IntegrityCheckThread:86 - entering critical section [integrity check]
2024-12-04 12:57:32,020 [INFO] ThirdPartyUpdaterWithRetryManager:70 - Updater plugin not ready yet. [1/15]
2024-12-04 12:57:32,054 [INFO] PluginManage:359 - Loaded plugin tools (category:base,tabindex:7)
2024-12-04 12:57:32,055 [INFO] PluginManage:310 - Check plugin tutovideos
2024-12-04 12:57:32,207 [INFO] PluginManage:359 - Loaded plugin tutovideos (category:base,tabindex:-1)
2024-12-04 12:57:32,207 [INFO] PluginManage:310 - Check plugin updater
2024-12-04 12:57:32,223 [INFO] PluginManage:359 - Loaded plugin updater (category:base,tabindex:12)
2024-12-04 12:57:32,223 [INFO] PluginManage:310 - Check plugin userauth
2024-12-04 12:57:32,229 [INFO] UserAuth:113 - Init User Auth plugin
2024-12-04 12:57:32,230 [INFO] PluginManage:359 - Loaded plugin userauth (category:base,tabindex:14)
2024-12-04 12:57:32,231 [INFO] PluginManage:283 - PluginManage : Loaded plugins [18]
2024-12-04 12:57:32,391 [INFO] PinOutPanel:1561 - setPackage(No Configuration,No Configuration)
2024-12-04 12:57:32,464 [INFO] CADModel:165 - CPN selected for project level
2024-12-04 12:57:32,464 [INFO] CADModel:114 - Register for checkConnection events
2024-12-04 12:57:32,486 [INFO] IPUIPlugin:80 - create IPUIPlugin
2024-12-04 12:57:32,486 [INFO] PluginManager:220 - loadIPPluginJar : add adc
2024-12-04 12:57:32,519 [INFO] IPUIPlugin:80 - create IPUIPlugin
2024-12-04 12:57:32,519 [INFO] PluginManager:220 - loadIPPluginJar : add aes
2024-12-04 12:57:32,555 [INFO] IPUIPlugin:80 - create IPUIPlugin
2024-12-04 12:57:32,555 [INFO] PluginManager:220 - loadIPPluginJar : add can
2024-12-04 12:57:32,578 [INFO] IPUIPlugin:80 - create IPUIPlugin
2024-12-04 12:57:32,578 [INFO] PluginManager:220 - loadIPPluginJar : add comp
2024-12-04 12:57:32,609 [INFO] IPUIPlugin:80 - create IPUIPlugin
2024-12-04 12:57:32,609 [INFO] PluginManager:220 - loadIPPluginJar : add cryp
2024-12-04 12:57:32,621 [INFO] IPUIPlugin:80 - create IPUIPlugin
2024-12-04 12:57:32,621 [INFO] PluginManager:220 - loadIPPluginJar : add ddr_ctrl_phy
2024-12-04 12:57:32,649 [INFO] IPUIPlugin:80 - create IPUIPlugin
2024-12-04 12:57:32,649 [INFO] PluginManager:220 - loadIPPluginJar : add dfsdm
2024-12-04 12:57:32,666 [INFO] IPUIPlugin:80 - create IPUIPlugin
2024-12-04 12:57:32,668 [INFO] PluginManager:220 - loadIPPluginJar : add dma
2024-12-04 12:57:32,725 [INFO] IPUIPlugin:80 - create IPUIPlugin
2024-12-04 12:57:32,725 [INFO] PluginManager:220 - loadIPPluginJar : add dma3
2024-12-04 12:57:32,771 [INFO] IPUIPlugin:80 - create IPUIPlugin
2024-12-04 12:57:32,771 [INFO] PluginManager:220 - loadIPPluginJar : add extmemmanager
2024-12-04 12:57:32,792 [INFO] IPUIPlugin:80 - create IPUIPlugin
2024-12-04 12:57:32,792 [INFO] PluginManager:220 - loadIPPluginJar : add fatfs
2024-12-04 12:57:32,845 [INFO] IPUIPlugin:80 - create IPUIPlugin
2024-12-04 12:57:32,845 [INFO] PluginManager:220 - loadIPPluginJar : add fmc
2024-12-04 12:57:32,862 [INFO] IPUIPlugin:80 - create IPUIPlugin
2024-12-04 12:57:32,862 [INFO] PluginManager:220 - loadIPPluginJar : add freertos
2024-12-04 12:57:32,883 [INFO] IPUIPlugin:80 - create IPUIPlugin
2024-12-04 12:57:32,883 [INFO] PluginManager:220 - loadIPPluginJar : add genericplugin
2024-12-04 12:57:32,971 [INFO] IPUIPlugin:80 - create IPUIPlugin
2024-12-04 12:57:32,971 [INFO] PluginManager:220 - loadIPPluginJar : add gfxmmu
2024-12-04 12:57:33,082 [INFO] IPUIPlugin:80 - create IPUIPlugin
2024-12-04 12:57:33,082 [INFO] PluginManager:220 - loadIPPluginJar : add gic
2024-12-04 12:57:33,096 [INFO] IPUIPlugin:80 - create IPUIPlugin
2024-12-04 12:57:33,096 [INFO] PluginManager:220 - loadIPPluginJar : add gpio
2024-12-04 12:57:33,189 [INFO] IPUIPlugin:80 - create IPUIPlugin
2024-12-04 12:57:33,189 [INFO] PluginManager:220 - loadIPPluginJar : add gtzc
2024-12-04 12:57:33,234 [INFO] IPUIPlugin:80 - create IPUIPlugin
2024-12-04 12:57:33,235 [INFO] PluginManager:220 - loadIPPluginJar : add hash
2024-12-04 12:57:33,300 [INFO] IPUIPlugin:80 - create IPUIPlugin
2024-12-04 12:57:33,300 [INFO] PluginManager:220 - loadIPPluginJar : add i2c
2024-12-04 12:57:33,343 [INFO] IPUIPlugin:80 - create IPUIPlugin
2024-12-04 12:57:33,343 [INFO] PluginManager:220 - loadIPPluginJar : add i2s
2024-12-04 12:57:33,381 [INFO] IPUIPlugin:80 - create IPUIPlugin
2024-12-04 12:57:33,381 [INFO] PluginManager:220 - loadIPPluginJar : add i3c
2024-12-04 12:57:33,489 [INFO] IPUIPlugin:80 - create IPUIPlugin
2024-12-04 12:57:33,489 [INFO] PluginManager:220 - loadIPPluginJar : add ipddr
2024-12-04 12:57:33,568 [INFO] IPUIPlugin:80 - create IPUIPlugin
2024-12-04 12:57:33,569 [INFO] PluginManager:220 - loadIPPluginJar : add linkedlist
2024-12-04 12:57:33,600 [INFO] IPUIPlugin:80 - create IPUIPlugin
2024-12-04 12:57:33,600 [INFO] PluginManager:220 - loadIPPluginJar : add lorawan
2024-12-04 12:57:33,632 [INFO] IPUIPlugin:80 - create IPUIPlugin
2024-12-04 12:57:33,632 [INFO] PluginManager:220 - loadIPPluginJar : add ltdc
2024-12-04 12:57:33,645 [INFO] IPUIPlugin:80 - create IPUIPlugin
2024-12-04 12:57:33,646 [INFO] PluginManager:220 - loadIPPluginJar : add mdma
2024-12-04 12:57:33,658 [INFO] IPUIPlugin:80 - create IPUIPlugin
2024-12-04 12:57:33,658 [INFO] PluginManager:220 - loadIPPluginJar : add nvic
2024-12-04 12:57:33,694 [INFO] IPUIPlugin:80 - create IPUIPlugin
2024-12-04 12:57:33,694 [INFO] PluginManager:220 - loadIPPluginJar : add opamp
2024-12-04 12:57:33,758 [INFO] IPUIPlugin:80 - create IPUIPlugin
2024-12-04 12:57:33,759 [INFO] PluginManager:220 - loadIPPluginJar : add openamp
2024-12-04 12:57:33,799 [INFO] IPUIPlugin:80 - create IPUIPlugin
2024-12-04 12:57:33,799 [INFO] PluginManager:220 - loadIPPluginJar : add pdm2pcm
2024-12-04 12:57:33,815 [INFO] IPUIPlugin:80 - create IPUIPlugin
2024-12-04 12:57:33,816 [INFO] PluginManager:220 - loadIPPluginJar : add plateformsettings
2024-12-04 12:57:33,846 [INFO] IPUIPlugin:80 - create IPUIPlugin
2024-12-04 12:57:33,846 [INFO] PluginManager:220 - loadIPPluginJar : add quadspi
2024-12-04 12:57:33,872 [INFO] IPUIPlugin:80 - create IPUIPlugin
2024-12-04 12:57:33,873 [INFO] PluginManager:220 - loadIPPluginJar : add radio
2024-12-04 12:57:33,886 [INFO] IPUIPlugin:80 - create IPUIPlugin
2024-12-04 12:57:33,886 [INFO] PluginManager:220 - loadIPPluginJar : add resmgrutility
2024-12-04 12:57:33,930 [INFO] IPUIPlugin:80 - create IPUIPlugin
2024-12-04 12:57:33,930 [INFO] PluginManager:220 - loadIPPluginJar : add sai
2024-12-04 12:57:33,976 [INFO] IPUIPlugin:80 - create IPUIPlugin
2024-12-04 12:57:33,976 [INFO] PluginManager:220 - loadIPPluginJar : add spi
2024-12-04 12:57:34,043 [INFO] IPUIPlugin:80 - create IPUIPlugin
2024-12-04 12:57:34,043 [INFO] PluginManager:220 - loadIPPluginJar : add stm32_wpan
2024-12-04 12:57:34,072 [INFO] IPUIPlugin:80 - create IPUIPlugin
2024-12-04 12:57:34,072 [INFO] PluginManager:220 - loadIPPluginJar : add tim
2024-12-04 12:57:34,130 [INFO] IPUIPlugin:80 - create IPUIPlugin
2024-12-04 12:57:34,130 [INFO] PluginManager:220 - loadIPPluginJar : add touchsensing
2024-12-04 12:57:34,154 [INFO] IPUIPlugin:80 - create IPUIPlugin
2024-12-04 12:57:34,154 [INFO] PluginManager:220 - loadIPPluginJar : add tracer_emb
2024-12-04 12:57:34,179 [INFO] IPUIPlugin:80 - create IPUIPlugin
2024-12-04 12:57:34,179 [INFO] PluginManager:220 - loadIPPluginJar : add ts
2024-12-04 12:57:34,201 [INFO] IPUIPlugin:80 - create IPUIPlugin
2024-12-04 12:57:34,201 [INFO] PluginManager:220 - loadIPPluginJar : add tsc
2024-12-04 12:57:34,231 [INFO] IPUIPlugin:80 - create IPUIPlugin
2024-12-04 12:57:34,231 [INFO] PluginManager:220 - loadIPPluginJar : add ucpd
2024-12-04 12:57:34,277 [INFO] IPUIPlugin:80 - create IPUIPlugin
2024-12-04 12:57:34,277 [INFO] PluginManager:220 - loadIPPluginJar : add usart
2024-12-04 12:57:34,319 [INFO] IPUIPlugin:80 - create IPUIPlugin
2024-12-04 12:57:34,319 [INFO] PluginManager:220 - loadIPPluginJar : add usbx
2024-12-04 12:57:34,428 [INFO] CADModel:165 - CPN selected for project level
2024-12-04 12:57:34,428 [INFO] CADModel:114 - Register for checkConnection events
2024-12-04 12:57:34,428 [FATAL] Updater:334 - Updater called before beeing initialized
2024-12-04 12:57:34,428 [ERROR] CADModel:125 - Updater not yet initialized, retry later 
2024-12-04 12:57:34,538 [INFO] CADModel:165 - CPN selected for project level
2024-12-04 12:57:34,538 [INFO] CADModel:114 - Register for checkConnection events
2024-12-04 12:57:34,538 [FATAL] Updater:334 - Updater called before beeing initialized
2024-12-04 12:57:34,538 [ERROR] CADModel:125 - Updater not yet initialized, retry later 
2024-12-04 12:57:34,540 [FATAL] Updater:334 - Updater called before beeing initialized
2024-12-04 12:57:34,620 [FATAL] Updater:334 - Updater called before beeing initialized
2024-12-04 12:57:34,628 [INFO] DbMcusAds:53 - JSON generation date=Fri Sep 20 10:04:38 BRT 2024 (1726837478367)
2024-12-04 12:57:34,628 [FATAL] Updater:334 - Updater called before beeing initialized
2024-12-04 12:57:34,662 [WARN] DetailPanel:346 - Failed to get advertising image, set to default
2024-12-04 12:57:34,729 [FATAL] Updater:334 - Updater called before beeing initialized
2024-12-04 12:57:34,730 [FATAL] Updater:334 - Updater called before beeing initialized
2024-12-04 12:57:34,730 [FATAL] Updater:334 - Updater called before beeing initialized
2024-12-04 12:57:34,731 [WARN] DetailPanel:346 - Failed to get advertising image, set to default
2024-12-04 12:57:34,731 [FATAL] Updater:334 - Updater called before beeing initialized
2024-12-04 12:57:34,777 [ERROR] Updater:1164 - MainUpdater not yet initialized. External WinMGr cannot be set.
2024-12-04 12:57:34,787 [INFO] Updater:1100 - Updater Version found : 6.12.1
2024-12-04 12:57:34,803 [INFO] ApplicationProperties:184 - Using Application install path: C:\ST\STM32CubeIDE_1.16.1\STM32CubeIDE\plugins\com.st.stm32cube.common.mx_6.12.1.202409122256
2024-12-04 12:57:35,021 [INFO] ThirdPartyUpdaterWithRetryManager:70 - Updater plugin not ready yet. [2/15]
2024-12-04 12:57:36,381 [ERROR] LogOutputStream:75 - [STDERR_REDIRECT] Dec 04, 2024 12:57:36 PM java.util.prefs.WindowsPreferences <init>
2024-12-04 12:57:36,382 [ERROR] LogOutputStream:75 - [STDERR_REDIRECT] WARNING: Could not open/create prefs root node Software\JavaSoft\Prefs at root 0xffffffff80000002. Windows RegCreateKeyEx(...) returned error code 5.
2024-12-04 12:57:36,382 [ERROR] LogOutputStream:75 - [STDERR_REDIRECT] 
2024-12-04 12:57:36,757 [INFO] MainUpdater:2873 - connection check result : 10
2024-12-04 12:57:36,758 [INFO] MainUpdater:290 - Updater Check For Update Now.
2024-12-04 12:57:36,758 [INFO] MicroXplorer:498 - Change Database Version : DB.6.0.121
2024-12-04 12:57:36,772 [INFO] McuFinderGlobals:63 - Set McuFinder mode to 2 (CubeIDE integrated)
2024-12-04 12:57:36,782 [INFO] UserAuth:417 - Internet connection configuration mode: 1
2024-12-04 12:57:36,809 [INFO] JxBrowserEngine:152 - Initiate JxBrowser Engine with user profile folder
2024-12-04 12:57:37,000 [INFO] CheckServerUpdateThread:120 - End of CheckServer Thread
2024-12-04 12:57:38,251 [WARN] PackLoader:240 - Cannot read IP mode file for STMicroelectronics.FP-SNS-MOTENVWB1.1.4.0
2024-12-04 12:57:38,268 [WARN] PackLoader:240 - Cannot read IP mode file for STMicroelectronics.FP-ATR-ASTRA1.2.0.1
2024-12-04 12:57:38,285 [WARN] PackLoader:240 - Cannot read IP mode file for STMicroelectronics.X-CUBE-SMBUS.2.1.0
2024-12-04 12:57:38,302 [WARN] PackLoader:240 - Cannot read IP mode file for STMicroelectronics.X-CUBE-WB05N.1.1.0
2024-12-04 12:57:38,353 [WARN] PackLoader:240 - Cannot read IP mode file for STMicroelectronics.X-CUBE-AZRTOS-F7.1.1.0
2024-12-04 12:57:38,425 [WARN] PackLoader:240 - Cannot read IP mode file for STMicroelectronics.X-CUBE-MEMS1.11.0.0
2024-12-04 12:57:38,654 [WARN] PackLoader:240 - Cannot read IP mode file for STMicroelectronics.FP-SNS-FLIGHT1.5.0.2
2024-12-04 12:57:38,671 [WARN] PackLoader:240 - Cannot read IP mode file for STMicroelectronics.X-CUBE-DISPLAY.3.0.0
2024-12-04 12:57:38,688 [WARN] PackLoader:240 - Cannot read IP mode file for STMicroelectronics.X-CUBE-BLE1.7.0.0
2024-12-04 12:57:38,706 [WARN] PackLoader:240 - Cannot read IP mode file for STMicroelectronics.X-CUBE-NFC10.1.0.0
2024-12-04 12:57:38,721 [WARN] PackLoader:240 - Cannot read IP mode file for emotas.I-CUBE-CANOPEN.1.3.0
2024-12-04 12:57:38,738 [WARN] PackLoader:240 - Cannot read IP mode file for STMicroelectronics.X-CUBE-BLEMGR.3.1.0
2024-12-04 12:57:38,752 [WARN] PackLoader:240 - Cannot read IP mode file for STMicroelectronics.FP-SNS-SMARTAG2.1.2.0
2024-12-04 12:57:38,772 [INFO] LogOutputStream:77 - [STDOUT_REDIRECT] 1 : Invalid condition id : UX_CORESTACK_Condition cause : null
2024-12-04 12:57:38,772 [INFO] LogOutputStream:77 - [STDOUT_REDIRECT] 1 : Invalid condition id : UX_CORESTACK_Condition cause : null
2024-12-04 12:57:38,773 [INFO] LogOutputStream:77 - [STDOUT_REDIRECT] 1 : Invalid condition id : UX_CORESTACK_Condition cause : null
2024-12-04 12:57:38,774 [INFO] LogOutputStream:77 - [STDOUT_REDIRECT] 1 : Invalid condition id : UX_CORESTACK_Condition cause : null
2024-12-04 12:57:38,774 [INFO] LogOutputStream:77 - [STDOUT_REDIRECT] 1 : Invalid condition id : UX_CORESTACK_Condition cause : null
2024-12-04 12:57:38,778 [WARN] PackLoader:240 - Cannot read IP mode file for STMicroelectronics.X-CUBE-AZRTOS-WL.2.0.0
2024-12-04 12:57:38,792 [WARN] PackLoader:240 - Cannot read IP mode file for STMicroelectronics.FP-SNS-MOTENV1.5.0.0
2024-12-04 12:57:38,805 [WARN] PackLoader:240 - Cannot read IP mode file for wolfSSL.I-CUBE-wolfMQTT.1.19.0
2024-12-04 12:57:38,820 [WARN] PackLoader:240 - Cannot read IP mode file for WES.I-CUBE-Cesium.1.3.0
2024-12-04 12:57:38,836 [WARN] PackLoader:240 - Cannot read IP mode file for STMicroelectronics.X-CUBE-BLE2.3.3.0
2024-12-04 12:57:38,855 [WARN] PackLoader:240 - Cannot read IP mode file for STMicroelectronics.X-CUBE-NFC9.1.0.0
2024-12-04 12:57:38,868 [WARN] PackLoader:240 - Cannot read IP mode file for STMicroelectronics.X-CUBE-TCPP.4.1.0
2024-12-04 12:57:38,894 [WARN] PackLoader:240 - Cannot read IP mode file for STMicroelectronics.X-CUBE-AZRTOS-G0.1.1.0
2024-12-04 12:57:38,911 [WARN] PackLoader:240 - Cannot read IP mode file for STMicroelectronics.X-CUBE-SAFEA1.1.2.2
2024-12-04 12:57:38,925 [WARN] PackLoader:240 - Cannot read IP mode file for STMicroelectronics.X-CUBE-NFC4.3.0.0
2024-12-04 12:57:38,946 [WARN] PackLoader:240 - Cannot read IP mode file for EmbeddedOffice.I-CUBE-FS-RTOS.1.0.1
2024-12-04 12:57:38,946 [ERROR] ConditionMgr:805 - Attr not supported : Dmpu
2024-12-04 12:57:38,946 [ERROR] ConditionMgr:805 - Attr not supported : Dmpu
2024-12-04 12:57:38,946 [ERROR] ConditionMgr:805 - Attr not supported : Dmpu
2024-12-04 12:57:38,946 [ERROR] ConditionMgr:805 - Attr not supported : Dmpu
2024-12-04 12:57:38,946 [ERROR] ConditionMgr:805 - Attr not supported : Dmpu
2024-12-04 12:57:38,947 [ERROR] ConditionMgr:805 - Attr not supported : Dmpu
2024-12-04 12:57:38,947 [ERROR] ConditionMgr:805 - Attr not supported : Dmpu
2024-12-04 12:57:38,947 [ERROR] ConditionMgr:805 - Attr not supported : Dmpu
2024-12-04 12:57:38,947 [ERROR] ConditionMgr:805 - Attr not supported : Dmpu
2024-12-04 12:57:38,947 [ERROR] ConditionMgr:805 - Attr not supported : Dmpu
2024-12-04 12:57:38,947 [ERROR] ConditionMgr:805 - Attr not supported : Dmpu
2024-12-04 12:57:38,947 [ERROR] ConditionMgr:805 - Attr not supported : Dmpu
2024-12-04 12:57:38,947 [ERROR] ConditionMgr:805 - Attr not supported : Dmpu
2024-12-04 12:57:38,947 [ERROR] ConditionMgr:805 - Attr not supported : Dmpu
2024-12-04 12:57:38,947 [ERROR] ConditionMgr:805 - Attr not supported : Dmpu
2024-12-04 12:57:38,947 [ERROR] ConditionMgr:805 - Attr not supported : Dmpu
2024-12-04 12:57:38,947 [ERROR] ConditionMgr:805 - Attr not supported : Dmpu
2024-12-04 12:57:38,947 [ERROR] ConditionMgr:805 - Attr not supported : Dmpu
2024-12-04 12:57:38,947 [ERROR] ConditionMgr:805 - Attr not supported : Dmpu
2024-12-04 12:57:38,947 [ERROR] ConditionMgr:805 - Attr not supported : Dmpu
2024-12-04 12:57:38,947 [ERROR] ConditionMgr:805 - Attr not supported : Dmpu
2024-12-04 12:57:38,947 [ERROR] ConditionMgr:805 - Attr not supported : Dmpu
2024-12-04 12:57:38,947 [ERROR] ConditionMgr:805 - Attr not supported : Dmpu
2024-12-04 12:57:38,947 [ERROR] ConditionMgr:805 - Attr not supported : Dmpu
2024-12-04 12:57:38,947 [ERROR] ConditionMgr:805 - Attr not supported : Dmpu
2024-12-04 12:57:38,947 [ERROR] ConditionMgr:805 - Attr not supported : Dmpu
2024-12-04 12:57:38,947 [ERROR] ConditionMgr:805 - Attr not supported : Dmpu
2024-12-04 12:57:38,947 [ERROR] ConditionMgr:805 - Attr not supported : Dmpu
2024-12-04 12:57:38,947 [ERROR] ConditionMgr:805 - Attr not supported : Dmpu
2024-12-04 12:57:38,948 [ERROR] ConditionMgr:805 - Attr not supported : Dmpu
2024-12-04 12:57:38,948 [ERROR] ConditionMgr:805 - Attr not supported : Dmpu
2024-12-04 12:57:38,948 [ERROR] ConditionMgr:805 - Attr not supported : Dmpu
2024-12-04 12:57:38,948 [ERROR] ConditionMgr:805 - Attr not supported : Dmpu
2024-12-04 12:57:38,948 [ERROR] ConditionMgr:805 - Attr not supported : Dmpu
2024-12-04 12:57:38,948 [ERROR] ConditionMgr:805 - Attr not supported : Dmpu
2024-12-04 12:57:38,948 [ERROR] ConditionMgr:805 - Attr not supported : Dmpu
2024-12-04 12:57:38,948 [ERROR] ConditionMgr:805 - Attr not supported : Dmpu
2024-12-04 12:57:38,948 [ERROR] ConditionMgr:805 - Attr not supported : Dmpu
2024-12-04 12:57:38,948 [ERROR] ConditionMgr:805 - Attr not supported : Dmpu
2024-12-04 12:57:38,948 [ERROR] ConditionMgr:805 - Attr not supported : Dmpu
2024-12-04 12:57:38,948 [ERROR] ConditionMgr:805 - Attr not supported : Dmpu
2024-12-04 12:57:38,948 [ERROR] ConditionMgr:805 - Attr not supported : Dmpu
2024-12-04 12:57:38,948 [ERROR] ConditionMgr:805 - Attr not supported : Dmpu
2024-12-04 12:57:38,948 [ERROR] ConditionMgr:805 - Attr not supported : Dmpu
2024-12-04 12:57:38,948 [ERROR] ConditionMgr:805 - Attr not supported : Dmpu
2024-12-04 12:57:38,948 [ERROR] ConditionMgr:805 - Attr not supported : Dmpu
2024-12-04 12:57:38,948 [ERROR] ConditionMgr:805 - Attr not supported : Dmpu
2024-12-04 12:57:38,949 [ERROR] ConditionMgr:805 - Attr not supported : Dmpu
2024-12-04 12:57:38,949 [ERROR] ConditionMgr:805 - Attr not supported : Dmpu
2024-12-04 12:57:38,949 [ERROR] ConditionMgr:805 - Attr not supported : Dmpu
2024-12-04 12:57:38,949 [ERROR] ConditionMgr:805 - Attr not supported : Dmpu
2024-12-04 12:57:38,949 [ERROR] ConditionMgr:805 - Attr not supported : Dmpu
2024-12-04 12:57:38,949 [ERROR] ConditionMgr:805 - Attr not supported : Dmpu
2024-12-04 12:57:38,949 [ERROR] ConditionMgr:805 - Attr not supported : Dmpu
2024-12-04 12:57:38,949 [ERROR] ConditionMgr:805 - Attr not supported : Dmpu
2024-12-04 12:57:38,949 [ERROR] ConditionMgr:805 - Attr not supported : Dmpu
2024-12-04 12:57:38,949 [ERROR] ConditionMgr:805 - Attr not supported : Dmpu
2024-12-04 12:57:38,949 [ERROR] ConditionMgr:805 - Attr not supported : Dmpu
2024-12-04 12:57:38,949 [ERROR] ConditionMgr:805 - Attr not supported : Dmpu
2024-12-04 12:57:38,949 [ERROR] ConditionMgr:805 - Attr not supported : Dmpu
2024-12-04 12:57:38,949 [ERROR] ConditionMgr:805 - Attr not supported : Dmpu
2024-12-04 12:57:38,949 [ERROR] ConditionMgr:805 - Attr not supported : Dmpu
2024-12-04 12:57:38,949 [ERROR] ConditionMgr:805 - Attr not supported : Dmpu
2024-12-04 12:57:38,949 [ERROR] ConditionMgr:805 - Attr not supported : Dmpu
2024-12-04 12:57:38,962 [WARN] PackLoader:240 - Cannot read IP mode file for RealThread.X-CUBE-RT-Thread_Nano.4.1.1
2024-12-04 12:57:38,973 [WARN] PackLoader:240 - Cannot read IP mode file for STMicroelectronics.FP-ATR-SIGFOX1.3.2.0
2024-12-04 12:57:38,986 [WARN] ConditionMgr:438 - getConditionDescription Invalid condition id : Cortex-A Device cause : null
2024-12-04 12:57:39,006 [WARN] ConditionMgr:1039 - genDependencies : Invalid condition id : Cortex-A Device cause : null
2024-12-04 12:57:39,006 [WARN] ConditionMgr:1039 - genDependencies : Invalid condition id : Cortex-A Device cause : null
2024-12-04 12:57:39,006 [WARN] ConditionMgr:1039 - genDependencies : Invalid condition id : Cortex-A Device cause : null
2024-12-04 12:57:39,019 [WARN] PackLoader:240 - Cannot read IP mode file for STMicroelectronics.X-CUBE-EEPRMA1.5.1.0
2024-12-04 12:57:39,031 [WARN] PackLoader:240 - Cannot read IP mode file for wolfSSL.I-CUBE-wolfSSL.5.7.4
2024-12-04 12:57:39,044 [WARN] PackLoader:240 - Cannot read IP mode file for ITTIA_DB.I-CUBE-ITTIADB.8.9.0
2024-12-04 12:57:39,085 [WARN] PackLoader:240 - Cannot read IP mode file for SEGGER.I-CUBE-embOS.1.3.1
2024-12-04 12:57:39,126 [WARN] PackLoader:240 - Cannot read IP mode file for STMicroelectronics.X-CUBE-ALGOBUILD.1.4.0
2024-12-04 12:57:39,138 [WARN] PackLoader:240 - Cannot read IP mode file for STMicroelectronics.X-CUBE-AI.9.1.0
2024-12-04 12:57:39,164 [WARN] PackLoader:240 - Cannot read IP mode file for STMicroelectronics.X-CUBE-AZRTOS-F4.1.1.0
2024-12-04 12:57:39,177 [WARN] PackLoader:240 - Cannot read IP mode file for STMicroelectronics.X-CUBE-ISPU.2.1.0
2024-12-04 12:57:39,190 [WARN] PackLoader:240 - Cannot read IP mode file for STMicroelectronics.X-CUBE-FREERTOS.1.2.0
2024-12-04 12:57:39,215 [WARN] PackLoader:240 - Cannot read IP mode file for STMicroelectronics.X-CUBE-AZRTOS-L5.2.0.0
2024-12-04 12:57:39,231 [WARN] PackLoader:240 - Cannot read IP mode file for STMicroelectronics.X-CUBE-NFC6.3.1.0
2024-12-04 12:57:39,244 [WARN] PackLoader:240 - Cannot read IP mode file for STMicroelectronics.X-CUBE-DPower.1.2.0
2024-12-04 12:57:39,257 [WARN] PackLoader:240 - Cannot read IP mode file for STMicroelectronics.X-CUBE-NFC7.1.0.1
2024-12-04 12:57:39,283 [WARN] ConditionMgr:438 - getConditionDescription Invalid condition id : LAN8742 Phy interface Condition cause : null
2024-12-04 12:57:39,283 [WARN] PackLoader:240 - Cannot read IP mode file for STMicroelectronics.X-CUBE-AZRTOS-L4.2.0.0
2024-12-04 12:57:39,284 [WARN] ConditionMgr:1039 - genDependencies : Invalid condition id : LAN8742 Phy interface Condition cause : null
2024-12-04 12:57:39,284 [WARN] ConditionMgr:1039 - genDependencies : Invalid condition id : LAN8742 Phy interface Condition cause : null
2024-12-04 12:57:39,284 [WARN] ConditionMgr:1039 - genDependencies : Invalid condition id : LAN8742 Phy interface Condition cause : null
2024-12-04 12:57:39,298 [WARN] PackLoader:240 - Cannot read IP mode file for STMicroelectronics.X-CUBE-SFXS2LP1.4.0.0
2024-12-04 12:57:39,328 [WARN] PackLoader:240 - Cannot read IP mode file for STMicroelectronics.X-CUBE-AZRTOS-H7.3.3.0
2024-12-04 12:57:39,355 [WARN] PackLoader:240 - Cannot read IP mode file for STMicroelectronics.X-CUBE-IPS.3.0.0
2024-12-04 12:57:39,379 [WARN] ConditionMgr:438 - getConditionDescription Invalid condition id : UX DEVICE CLASS RTOS Condition cause : null
2024-12-04 12:57:39,379 [WARN] ConditionMgr:438 - getConditionDescription Invalid condition id : UX DEVICE CLASS RTOS Condition cause : null
2024-12-04 12:57:39,381 [WARN] PackLoader:240 - Cannot read IP mode file for STMicroelectronics.X-CUBE-AZRTOS-WB.2.0.0
2024-12-04 12:57:39,381 [WARN] ConditionMgr:1039 - genDependencies : Invalid condition id : UX DEVICE CLASS RTOS Condition cause : null
2024-12-04 12:57:39,381 [WARN] ConditionMgr:1039 - genDependencies : Invalid condition id : UX DEVICE CLASS RTOS Condition cause : null
2024-12-04 12:57:39,381 [WARN] ConditionMgr:1039 - genDependencies : Invalid condition id : UX DEVICE CLASS RTOS Condition cause : null
2024-12-04 12:57:39,382 [WARN] ConditionMgr:1039 - genDependencies : Invalid condition id : UX DEVICE CLASS RTOS Condition cause : null
2024-12-04 12:57:39,382 [WARN] ConditionMgr:1039 - genDependencies : Invalid condition id : UX DEVICE CLASS RTOS Condition cause : null
2024-12-04 12:57:39,395 [WARN] PackLoader:240 - Cannot read IP mode file for STMicroelectronics.X-CUBE-GNSS1.7.0.0
2024-12-04 12:57:39,410 [WARN] PackLoader:240 - Cannot read IP mode file for STMicroelectronics.FP-SNS-STBOX1.2.0.0
2024-12-04 12:57:39,428 [WARN] PackLoader:240 - Cannot read IP mode file for STMicroelectronics.X-CUBE-SUBG2.5.0.0
2024-12-04 12:57:39,442 [WARN] PackLoader:240 - Cannot read IP mode file for Cesanta.I-CUBE-Mongoose.7.13.0
2024-12-04 12:57:39,464 [WARN] PackLoader:240 - Cannot read IP mode file for STMicroelectronics.X-CUBE-AZRTOS-G4.2.0.0
2024-12-04 12:57:39,477 [WARN] PackLoader:240 - Cannot read IP mode file for STMicroelectronics.X-CUBE-ALS.1.0.2
2024-12-04 12:57:39,490 [WARN] PackLoader:240 - Cannot read IP mode file for STMicroelectronics.X-CUBE-TOUCHGFX.4.24.1
2024-12-04 12:57:39,501 [WARN] PackLoader:240 - Cannot read IP mode file for wolfSSL.I-CUBE-wolfTPM.3.4.0
2024-12-04 12:57:39,513 [WARN] PackLoader:240 - Cannot read IP mode file for portGmbH.I-Cube-SoM-uGOAL.1.1.0
2024-12-04 12:57:39,536 [WARN] PackLoader:240 - Cannot read IP mode file for STMicroelectronics.X-CUBE-AZRTOS-H7RS.1.0.0
2024-12-04 12:57:39,555 [WARN] PackLoader:240 - Cannot read IP mode file for STMicroelectronics.X-CUBE-TOF1.3.4.2
2024-12-04 12:57:39,606 [WARN] PackLoader:240 - Cannot read IP mode file for Infineon.AIROC-Wi-Fi-Bluetooth-STM32.1.6.1
2024-12-04 12:57:39,619 [WARN] PackLoader:240 - Cannot read IP mode file for wolfSSL.I-CUBE-wolfSSH.1.4.17
2024-12-04 12:57:39,619 [INFO] ThirdParty:978 - Integrity check success = true
2024-12-04 12:57:39,620 [INFO] IntegrityCheckThread:100 - exiting critical section [integrity check]
2024-12-04 12:57:39,620 [INFO] IntegrityCheckThread:103 - End integrity checks thread
2024-12-04 12:57:43,314 [INFO] WebApp:167 - Instantiating new browser for Auth
2024-12-04 12:57:43,882 [INFO] WebApp:448 - Apply proxy settings
2024-12-04 12:57:43,882 [INFO] WebApp:533 - Chromium requires no authentication
2024-12-04 12:57:43,890 [INFO] WebApp:476 - Direct internet connection detected
2024-12-04 12:57:43,921 [INFO] WebApp:869 - Register for checkConnection events
2024-12-04 12:57:43,922 [INFO] WebApp:448 - Apply proxy settings
2024-12-04 12:57:43,922 [INFO] WebApp:533 - Chromium requires no authentication
2024-12-04 12:57:43,925 [INFO] WebApp:476 - Direct internet connection detected
2024-12-04 12:57:44,076 [INFO] WebApp:220 - Starting web application
2024-12-04 12:57:44,076 [INFO] WebApp:578 - Web application path used C:\ST\STM32CubeIDE_1.16.1\STM32CubeIDE\plugins\com.st.stm32cube.common.mx_6.12.1.202409122256\db\plugins\mcufinder\reactClient1\index.html
2024-12-04 12:57:44,215 [INFO] UserAuth:417 - Internet connection configuration mode: 1
2024-12-04 12:57:44,301 [INFO] WebApp:186 - Connection restablished
